<?xml version="1.0" encoding="UTF-8"?>
<coverage generated="1636045038395" clover="3.2.0">
  <project timestamp="1636045038396" name="All files">
    <metrics statements="24" coveredstatements="24" conditionals="9" coveredconditionals="9" methods="3" coveredmethods="3" elements="36" coveredelements="36" complexity="0" loc="24" ncloc="24" packages="1" files="2" classes="2"/>
    <file name="isAuthenticated.js" path="C:\Users\ryans\Documents\employee_scheduling\Scheduling-App-Back-End\bin\isAuthenticated.js">
      <metrics statements="4" coveredstatements="4" conditionals="2" coveredconditionals="2" methods="1" coveredmethods="1"/>
      <line num="2" count="3" type="cond" truecount="2" falsecount="0"/>
      <line num="3" count="1" type="stmt"/>
      <line num="5" count="2" type="stmt"/>
      <line num="9" count="1" type="stmt"/>
    </file>
    <file name="utils.js" path="C:\Users\ryans\Documents\employee_scheduling\Scheduling-App-Back-End\bin\utils.js">
      <metrics statements="20" coveredstatements="20" conditionals="7" coveredconditionals="7" methods="2" coveredmethods="2"/>
      <line num="1" count="1" type="stmt"/>
      <line num="8" count="40" type="cond" truecount="2" falsecount="0"/>
      <line num="9" count="18" type="stmt"/>
      <line num="11" count="22" type="stmt"/>
      <line num="13" count="10" type="stmt"/>
      <line num="15" count="10" type="stmt"/>
      <line num="16" count="10" type="stmt"/>
      <line num="17" count="10" type="stmt"/>
      <line num="18" count="10" type="stmt"/>
      <line num="19" count="10" type="stmt"/>
      <line num="20" count="10" type="stmt"/>
      <line num="21" count="10" type="cond" truecount="2" falsecount="0"/>
      <line num="22" count="1" type="stmt"/>
      <line num="24" count="10" type="cond" truecount="2" falsecount="0"/>
      <line num="25" count="1" type="stmt"/>
      <line num="26" count="1" type="stmt"/>
      <line num="28" count="10" type="stmt"/>
      <line num="29" count="10" type="stmt"/>
      <line num="30" count="10" type="stmt"/>
      <line num="34" count="1" type="stmt"/>
    </file>
  </project>
</coverage>
