{"C:\\Users\\ryans\\Documents\\employee_scheduling\\Scheduling-App-Back-End\\bin\\utils.js": {"path":"C:\\Users\\ryans\\Documents\\employee_scheduling\\Scheduling-App-Back-End\\bin\\utils.js","statementMap":{"0":{"start":{"line":1,"column":14},"end":{"line":32,"column":1}},"1":{"start":{"line":8,"column":6},"end":{"line":10,"column":7}},"2":{"start":{"line":9,"column":8},"end":{"line":9,"column":27}},"3":{"start":{"line":11,"column":6},"end":{"line":11,"column":19}},"4":{"start":{"line":13,"column":12},"end":{"line":13,"column":16}},"5":{"start":{"line":15,"column":16},"end":{"line":15,"column":31}},"6":{"start":{"line":16,"column":4},"end":{"line":16,"column":11}},"7":{"start":{"line":17,"column":4},"end":{"line":17,"column":32}},"8":{"start":{"line":18,"column":14},"end":{"line":18,"column":43}},"9":{"start":{"line":19,"column":15},"end":{"line":19,"column":33}},"10":{"start":{"line":20,"column":15},"end":{"line":20,"column":31}},"11":{"start":{"line":21,"column":4},"end":{"line":23,"column":5}},"12":{"start":{"line":22,"column":6},"end":{"line":22,"column":16}},"13":{"start":{"line":24,"column":4},"end":{"line":27,"column":5}},"14":{"start":{"line":25,"column":6},"end":{"line":25,"column":15}},"15":{"start":{"line":26,"column":6},"end":{"line":26,"column":21}},"16":{"start":{"line":28,"column":4},"end":{"line":28,"column":31}},"17":{"start":{"line":29,"column":17},"end":{"line":29,"column":49}},"18":{"start":{"line":30,"column":4},"end":{"line":30,"column":59}},"19":{"start":{"line":34,"column":0},"end":{"line":34,"column":22}}},"fnMap":{"0":{"name":"(anonymous_0)","decl":{"start":{"line":5,"column":13},"end":{"line":5,"column":14}},"loc":{"start":{"line":5,"column":41},"end":{"line":31,"column":3}},"line":5},"1":{"name":"twoCharacters","decl":{"start":{"line":7,"column":13},"end":{"line":7,"column":26}},"loc":{"start":{"line":7,"column":34},"end":{"line":12,"column":5}},"line":7}},"branchMap":{"0":{"loc":{"start":{"line":5,"column":22},"end":{"line":5,"column":39}},"type":"default-arg","locations":[{"start":{"line":5,"column":29},"end":{"line":5,"column":39}}],"line":5},"1":{"loc":{"start":{"line":8,"column":6},"end":{"line":10,"column":7}},"type":"if","locations":[{"start":{"line":8,"column":6},"end":{"line":10,"column":7}},{"start":{},"end":{}}],"line":8},"2":{"loc":{"start":{"line":21,"column":4},"end":{"line":23,"column":5}},"type":"if","locations":[{"start":{"line":21,"column":4},"end":{"line":23,"column":5}},{"start":{},"end":{}}],"line":21},"3":{"loc":{"start":{"line":24,"column":4},"end":{"line":27,"column":5}},"type":"if","locations":[{"start":{"line":24,"column":4},"end":{"line":27,"column":5}},{"start":{},"end":{}}],"line":24}},"s":{"0":1,"1":24,"2":6,"3":18,"4":6,"5":6,"6":6,"7":6,"8":6,"9":6,"10":6,"11":6,"12":0,"13":6,"14":0,"15":0,"16":6,"17":6,"18":6,"19":1},"f":{"0":6,"1":24},"b":{"0":[1],"1":[6,18],"2":[0,6],"3":[0,6]},"_coverageSchema":"1a1c01bbd47fc00a2c39e90264f33305004495a9","hash":"05428ecd485350fccf8fe27d25c0a028d3a30afd"}
}
