TN:
SF:bin\isAuthenticated.js
FN:1,isAuthenticated
FNF:1
FNH:1
FNDA:3,isAuthenticated
DA:2,3
DA:3,1
DA:5,2
DA:9,1
LF:4
LH:4
BRDA:2,0,0,1
BRDA:2,0,1,2
BRF:2
BRH:2
end_of_record
TN:
SF:bin\utils.js
FN:5,(anonymous_0)
FN:7,twoCharacters
FNF:2
FNH:2
FNDA:10,(anonymous_0)
FNDA:40,twoCharacters
DA:1,1
DA:8,40
DA:9,18
DA:11,22
DA:13,10
DA:15,10
DA:16,10
DA:17,10
DA:18,10
DA:19,10
DA:20,10
DA:21,10
DA:22,1
DA:24,10
DA:25,1
DA:26,1
DA:28,10
DA:29,10
DA:30,10
DA:34,1
LF:20
LH:20
BRDA:5,0,0,1
BRDA:8,1,0,18
BRDA:8,1,1,22
BRDA:21,2,0,1
BRDA:21,2,1,9
BRDA:24,3,0,1
BRDA:24,3,1,9
BRF:7
BRH:7
end_of_record
