TN:
SF:bin\isAuthenticated.js
FN:1,isAuthenticated
FNF:1
FNH:1
FNDA:3,isAuthenticated
DA:2,3
DA:3,1
DA:5,2
DA:9,1
LF:4
LH:4
BRDA:2,0,0,1
BRDA:2,0,1,2
BRF:2
BRH:2
end_of_record
TN:
SF:bin\utils.js
FN:5,(anonymous_0)
FN:7,twoCharacters
FNF:2
FNH:2
FNDA:6,(anonymous_0)
FNDA:24,twoCharacters
DA:1,1
DA:8,24
DA:9,6
DA:11,18
DA:13,6
DA:15,6
DA:16,6
DA:17,6
DA:18,6
DA:19,6
DA:20,6
DA:21,6
DA:22,0
DA:24,6
DA:25,0
DA:26,0
DA:28,6
DA:29,6
DA:30,6
DA:34,1
LF:20
LH:17
BRDA:5,0,0,1
BRDA:8,1,0,6
BRDA:8,1,1,18
BRDA:21,2,0,0
BRDA:21,2,1,6
BRDA:24,3,0,0
BRDA:24,3,1,6
BRF:7
BRH:5
end_of_record
